Failed to get ticker '14D.AX' reason: Expecting value: line 1 column 1 (char 0)
14D.AX: No timezone found, symbol may be delisted
Failed to get ticker '1AD.AX' reason: Expecting value: line 1 column 1 (char 0)
1AD.AX: No timezone found, symbol may be delisted
Failed to get ticker '1AE.AX' reason: Expecting value: line 1 column 1 (char 0)
1AE.AX: No timezone found, symbol may be delisted
Failed to get ticker '1AG.AX' reason: Expecting value: line 1 column 1 (char 0)
1AG.AX: No timezone found, symbol may be delisted
Failed to get ticker '1AI.AX' reason: Expecting value: line 1 column 1 (char 0)
1AI.AX: No timezone found, symbol may be delisted
Failed to get ticker '1CG.AX' reason: Expecting value: line 1 column 1 (char 0)
1CG.AX: No timezone found, symbol may be delisted
Failed to get ticker '1MC.AX' reason: Expecting value: line 1 column 1 (char 0)
1MC.AX: No timezone found, symbol may be delisted
Failed to get ticker '1TT.AX' reason: Expecting value: line 1 column 1 (char 0)
1TT.AX: No timezone found, symbol may be delisted
Failed to get ticker '29M.AX' reason: Expecting value: line 1 column 1 (char 0)
29M.AX: No timezone found, symbol may be delisted
Failed to get ticker '360.AX' reason: Expecting value: line 1 column 1 (char 0)
360.AX: No timezone found, symbol may be delisted
Failed to get ticker '3DA.AX' reason: Expecting value: line 1 column 1 (char 0)
3DA.AX: No timezone found, symbol may be delisted
Failed to get ticker '3DP.AX' reason: Expecting value: line 1 column 1 (char 0)
3DP.AX: No timezone found, symbol may be delisted
Failed to get ticker '3PL.AX' reason: Expecting value: line 1 column 1 (char 0)
3PL.AX: No timezone found, symbol may be delisted
Failed to get ticker '4DS.AX' reason: Expecting value: line 1 column 1 (char 0)
4DS.AX: No timezone found, symbol may be delisted
Failed to get ticker '4DX.AX' reason: Expecting value: line 1 column 1 (char 0)
4DX.AX: No timezone found, symbol may be delisted
Failed to get ticker '5EA.AX' reason: Expecting value: line 1 column 1 (char 0)
5EA.AX: No timezone found, symbol may be delisted
Failed to get ticker '5GG.AX' reason: Expecting value: line 1 column 1 (char 0)
5GG.AX: No timezone found, symbol may be delisted
Failed to get ticker '5GN.AX' reason: Expecting value: line 1 column 1 (char 0)
5GN.AX: No timezone found, symbol may be delisted
Failed to get ticker '88E.AX' reason: Expecting value: line 1 column 1 (char 0)
88E.AX: No timezone found, symbol may be delisted
Failed to get ticker '8CO.AX' reason: Expecting value: line 1 column 1 (char 0)
8CO.AX: No timezone found, symbol may be delisted
Failed to get ticker '8IH.AX' reason: Expecting value: line 1 column 1 (char 0)
8IH.AX: No timezone found, symbol may be delisted
Failed to get ticker '8VI.AX' reason: Expecting value: line 1 column 1 (char 0)
8VI.AX: No timezone found, symbol may be delisted
Failed to get ticker '92E.AX' reason: Expecting value: line 1 column 1 (char 0)
92E.AX: No timezone found, symbol may be delisted
Failed to get ticker 'A11.AX' reason: Expecting value: line 1 column 1 (char 0)
A11.AX: No timezone found, symbol may be delisted
Failed to get ticker 'A1G.AX' reason: Expecting value: line 1 column 1 (char 0)
A1G.AX: No timezone found, symbol may be delisted
Failed to get ticker 'A1M.AX' reason: Expecting value: line 1 column 1 (char 0)
A1M.AX: No timezone found, symbol may be delisted
Failed to get ticker 'A1N.AX' reason: Expecting value: line 1 column 1 (char 0)
A1N.AX: No timezone found, symbol may be delisted
Failed to get ticker 'A2B.AX' reason: Expecting value: line 1 column 1 (char 0)
A2B.AX: No timezone found, symbol may be delisted
Failed to get ticker 'A3D.AX' reason: Expecting value: line 1 column 1 (char 0)
A3D.AX: No timezone found, symbol may be delisted
Failed to get ticker 'A4N.AX' reason: Expecting value: line 1 column 1 (char 0)
A4N.AX: No timezone found, symbol may be delisted
Failed to get ticker 'A8G.AX' reason: Expecting value: line 1 column 1 (char 0)
A8G.AX: No timezone found, symbol may be delisted
Failed to get ticker 'AAC.AX' reason: Expecting value: line 1 column 1 (char 0)
AAC.AX: No timezone found, symbol may be delisted
Failed to get ticker 'AAJ.AX' reason: Expecting value: line 1 column 1 (char 0)
AAJ.AX: No timezone found, symbol may be delisted
Failed to get ticker 'AAP.AX' reason: Expecting value: line 1 column 1 (char 0)
AAP.AX: No timezone found, symbol may be delisted
Failed to get ticker 'AAR.AX' reason: Expecting value: line 1 column 1 (char 0)
AAR.AX: No timezone found, symbol may be delisted
Failed to get ticker 'AAU.AX' reason: Expecting value: line 1 column 1 (char 0)
AAU.AX: No timezone found, symbol may be delisted
Failed to get ticker 'ABA.AX' reason: Expecting value: line 1 column 1 (char 0)
ABA.AX: No timezone found, symbol may be delisted
Failed to get ticker 'ABB.AX' reason: Expecting value: line 1 column 1 (char 0)
ABB.AX: No timezone found, symbol may be delisted
Failed to get ticker 'ABC.AX' reason: Expecting value: line 1 column 1 (char 0)
ABC.AX: No timezone found, symbol may be delisted
Failed to get ticker 'ABE.AX' reason: Expecting value: line 1 column 1 (char 0)
ABE.AX: No timezone found, symbol may be delisted
Failed to get ticker 'ABG.AX' reason: Expecting value: line 1 column 1 (char 0)
ABG.AX: No timezone found, symbol may be delisted
Failed to get ticker 'ABV.AX' reason: Expecting value: line 1 column 1 (char 0)
ABV.AX: No timezone found, symbol may be delisted
Failed to get ticker 'ABX.AX' reason: Expecting value: line 1 column 1 (char 0)
ABX.AX: No timezone found, symbol may be delisted
Failed to get ticker 'ABY.AX' reason: Expecting value: line 1 column 1 (char 0)
ABY.AX: No timezone found, symbol may be delisted
Failed to get ticker 'AC8.AX' reason: Expecting value: line 1 column 1 (char 0)
AC8.AX: No timezone found, symbol may be delisted
Failed to get ticker 'ACE.AX' reason: Expecting value: line 1 column 1 (char 0)
ACE.AX: No timezone found, symbol may be delisted
Failed to get ticker 'ACF.AX' reason: Expecting value: line 1 column 1 (char 0)
ACF.AX: No timezone found, symbol may be delisted
Failed to get ticker 'ACL.AX' reason: Expecting value: line 1 column 1 (char 0)
ACL.AX: No timezone found, symbol may be delisted
Failed to get ticker 'ACM.AX' reason: Expecting value: line 1 column 1 (char 0)
ACM.AX: No timezone found, symbol may be delisted
Failed to get ticker 'ACP.AX' reason: Expecting value: line 1 column 1 (char 0)
ACP.AX: No timezone found, symbol may be delisted
Failed to get ticker 'ACQ.AX' reason: Expecting value: line 1 column 1 (char 0)
ACQ.AX: No timezone found, symbol may be delisted
Failed to get ticker 'ACR.AX' reason: Expecting value: line 1 column 1 (char 0)
ACR.AX: No timezone found, symbol may be delisted
Failed to get ticker 'ACS.AX' reason: Expecting value: line 1 column 1 (char 0)
ACS.AX: No timezone found, symbol may be delisted
Failed to get ticker 'ACU.AX' reason: Expecting value: line 1 column 1 (char 0)
ACU.AX: No timezone found, symbol may be delisted
Failed to get ticker 'ACW.AX' reason: Expecting value: line 1 column 1 (char 0)
ACW.AX: No timezone found, symbol may be delisted
Failed to get ticker 'AD1.AX' reason: Expecting value: line 1 column 1 (char 0)
AD1.AX: No timezone found, symbol may be delisted
Failed to get ticker 'AD8.AX' reason: Expecting value: line 1 column 1 (char 0)
AD8.AX: No timezone found, symbol may be delisted
Failed to get ticker 'ADA.AX' reason: Expecting value: line 1 column 1 (char 0)
ADA.AX: No timezone found, symbol may be delisted
Failed to get ticker 'ADC.AX' reason: Expecting value: line 1 column 1 (char 0)
ADC.AX: No timezone found, symbol may be delisted
Failed to get ticker 'ADD.AX' reason: Expecting value: line 1 column 1 (char 0)
ADD.AX: No timezone found, symbol may be delisted
Failed to get ticker 'ADG.AX' reason: Expecting value: line 1 column 1 (char 0)
ADG.AX: No timezone found, symbol may be delisted
Failed to get ticker 'ADH.AX' reason: Expecting value: line 1 column 1 (char 0)
ADH.AX: No timezone found, symbol may be delisted
Failed to get ticker 'ADN.AX' reason: Expecting value: line 1 column 1 (char 0)
ADN.AX: No timezone found, symbol may be delisted
Failed to get ticker 'ADO.AX' reason: Expecting value: line 1 column 1 (char 0)
ADO.AX: No timezone found, symbol may be delisted
Failed to get ticker 'ADR.AX' reason: Expecting value: line 1 column 1 (char 0)
ADR.AX: No timezone found, symbol may be delisted
Failed to get ticker 'ADS.AX' reason: Expecting value: line 1 column 1 (char 0)
ADS.AX: No timezone found, symbol may be delisted
Failed to get ticker 'ADT.AX' reason: Expecting value: line 1 column 1 (char 0)
ADT.AX: No timezone found, symbol may be delisted
Failed to get ticker 'ADV.AX' reason: Expecting value: line 1 column 1 (char 0)
ADV.AX: No timezone found, symbol may be delisted
Failed to get ticker 'ADX.AX' reason: Expecting value: line 1 column 1 (char 0)
ADX.AX: No timezone found, symbol may be delisted
Failed to get ticker 'ADY.AX' reason: Expecting value: line 1 column 1 (char 0)
ADY.AX: No timezone found, symbol may be delisted
Failed to get ticker 'AEE.AX' reason: Expecting value: line 1 column 1 (char 0)
AEE.AX: No timezone found, symbol may be delisted
Failed to get ticker 'AEF.AX' reason: Expecting value: line 1 column 1 (char 0)
AEF.AX: No timezone found, symbol may be delisted
Failed to get ticker 'AEI.AX' reason: Expecting value: line 1 column 1 (char 0)
AEI.AX: No timezone found, symbol may be delisted
Failed to get ticker 'AER.AX' reason: Expecting value: line 1 column 1 (char 0)
AER.AX: No timezone found, symbol may be delisted
Failed to get ticker 'AEV.AX' reason: Expecting value: line 1 column 1 (char 0)
AEV.AX: No timezone found, symbol may be delisted
Failed to get ticker 'AFA.AX' reason: Expecting value: line 1 column 1 (char 0)
AFA.AX: No timezone found, symbol may be delisted
Failed to get ticker 'AFG.AX' reason: Expecting value: line 1 column 1 (char 0)
AFG.AX: No timezone found, symbol may be delisted
Failed to get ticker 'AFI.AX' reason: Expecting value: line 1 column 1 (char 0)
AFI.AX: No timezone found, symbol may be delisted
Failed to get ticker 'AFL.AX' reason: Expecting value: line 1 column 1 (char 0)
AFL.AX: No timezone found, symbol may be delisted
Failed to get ticker 'AFP.AX' reason: Expecting value: line 1 column 1 (char 0)
AFP.AX: No timezone found, symbol may be delisted
Failed to get ticker 'AFW.AX' reason: Expecting value: line 1 column 1 (char 0)
AFW.AX: No timezone found, symbol may be delisted
Failed to get ticker 'AGC.AX' reason: Expecting value: line 1 column 1 (char 0)
AGC.AX: No timezone found, symbol may be delisted
Failed to get ticker 'AGD.AX' reason: Expecting value: line 1 column 1 (char 0)
AGD.AX: No timezone found, symbol may be delisted
Failed to get ticker 'AGE.AX' reason: Expecting value: line 1 column 1 (char 0)
AGE.AX: No timezone found, symbol may be delisted
Failed to get ticker 'AGH.AX' reason: Expecting value: line 1 column 1 (char 0)
AGH.AX: No timezone found, symbol may be delisted
Failed to get ticker 'AGI.AX' reason: Expecting value: line 1 column 1 (char 0)
AGI.AX: No timezone found, symbol may be delisted
Failed to get ticker 'AGN.AX' reason: Expecting value: line 1 column 1 (char 0)
AGN.AX: No timezone found, symbol may be delisted
Failed to get ticker 'AGR.AX' reason: Expecting value: line 1 column 1 (char 0)
AGR.AX: No timezone found, symbol may be delisted
Failed to get ticker 'AGY.AX' reason: Expecting value: line 1 column 1 (char 0)
AGY.AX: No timezone found, symbol may be delisted
Failed to get ticker 'AHC.AX' reason: Expecting value: line 1 column 1 (char 0)
AHC.AX: No timezone found, symbol may be delisted
Failed to get ticker 'AHF.AX' reason: Expecting value: line 1 column 1 (char 0)
AHF.AX: No timezone found, symbol may be delisted
Failed to get ticker 'AHI.AX' reason: Expecting value: line 1 column 1 (char 0)
AHI.AX: No timezone found, symbol may be delisted
Failed to get ticker 'AHK.AX' reason: Expecting value: line 1 column 1 (char 0)
AHK.AX: No timezone found, symbol may be delisted
Failed to get ticker 'AHL.AX' reason: Expecting value: line 1 column 1 (char 0)
AHL.AX: No timezone found, symbol may be delisted
Failed to get ticker 'AHN.AX' reason: Expecting value: line 1 column 1 (char 0)
AHN.AX: No timezone found, symbol may be delisted
Failed to get ticker 'AHX.AX' reason: Expecting value: line 1 column 1 (char 0)
AHX.AX: No timezone found, symbol may be delisted
Failed to get ticker 'AI1.AX' reason: Expecting value: line 1 column 1 (char 0)
AI1.AX: No timezone found, symbol may be delisted
Failed to get ticker 'AIA.AX' reason: Expecting value: line 1 column 1 (char 0)
AIA.AX: No timezone found, symbol may be delisted
Failed to get ticker 'AII.AX' reason: Expecting value: line 1 column 1 (char 0)
AII.AX: No timezone found, symbol may be delisted
Failed to get ticker 'AIM.AX' reason: Expecting value: line 1 column 1 (char 0)
AIM.AX: No timezone found, symbol may be delisted
Failed to get ticker 'AIQ.AX' reason: Expecting value: line 1 column 1 (char 0)
AIQ.AX: No timezone found, symbol may be delisted
Failed to get ticker 'AIS.AX' reason: Expecting value: line 1 column 1 (char 0)
AIS.AX: No timezone found, symbol may be delisted
Failed to get ticker 'AIV.AX' reason: Expecting value: line 1 column 1 (char 0)
AIV.AX: No timezone found, symbol may be delisted
Failed to get ticker 'AIZ.AX' reason: Expecting value: line 1 column 1 (char 0)
AIZ.AX: No timezone found, symbol may be delisted
Failed to get ticker 'AJL.AX' reason: Expecting value: line 1 column 1 (char 0)
AJL.AX: No timezone found, symbol may be delisted
Failed to get ticker 'AJQ.AX' reason: Expecting value: line 1 column 1 (char 0)
AJQ.AX: No timezone found, symbol may be delisted
Failed to get ticker 'AJX.AX' reason: Expecting value: line 1 column 1 (char 0)
AJX.AX: No timezone found, symbol may be delisted
Failed to get ticker 'AJY.AX' reason: Expecting value: line 1 column 1 (char 0)
AJY.AX: No timezone found, symbol may be delisted
Failed to get ticker 'AKG.AX' reason: Expecting value: line 1 column 1 (char 0)
AKG.AX: No timezone found, symbol may be delisted
Failed to get ticker 'AKM.AX' reason: Expecting value: line 1 column 1 (char 0)
AKM.AX: No timezone found, symbol may be delisted
Failed to get ticker 'AKN.AX' reason: Expecting value: line 1 column 1 (char 0)
AKN.AX: No timezone found, symbol may be delisted
Failed to get ticker 'AKO.AX' reason: Expecting value: line 1 column 1 (char 0)
AKO.AX: No timezone found, symbol may be delisted
Failed to get ticker 'AKP.AX' reason: Expecting value: line 1 column 1 (char 0)
AKP.AX: No timezone found, symbol may be delisted
Failed to get ticker 'AL3.AX' reason: Expecting value: line 1 column 1 (char 0)
AL3.AX: No timezone found, symbol may be delisted
Failed to get ticker 'AL8.AX' reason: Expecting value: line 1 column 1 (char 0)
AL8.AX: No timezone found, symbol may be delisted
Failed to get ticker 'ALA.AX' reason: Expecting value: line 1 column 1 (char 0)
ALA.AX: No timezone found, symbol may be delisted
Failed to get ticker 'ALB.AX' reason: Expecting value: line 1 column 1 (char 0)
ALB.AX: No timezone found, symbol may be delisted
Failed to get ticker 'ALC.AX' reason: Expecting value: line 1 column 1 (char 0)
ALC.AX: No timezone found, symbol may be delisted
Failed to get ticker 'ALD.AX' reason: Expecting value: line 1 column 1 (char 0)
ALD.AX: No timezone found, symbol may be delisted
Failed to get ticker 'ALI.AX' reason: Expecting value: line 1 column 1 (char 0)
ALI.AX: No timezone found, symbol may be delisted
Failed to get ticker 'ALK.AX' reason: Expecting value: line 1 column 1 (char 0)
ALK.AX: No timezone found, symbol may be delisted
Failed to get ticker 'ALM.AX' reason: Expecting value: line 1 column 1 (char 0)
ALM.AX: No timezone found, symbol may be delisted
Failed to get ticker 'ALQ.AX' reason: Expecting value: line 1 column 1 (char 0)
ALQ.AX: No timezone found, symbol may be delisted
Failed to get ticker 'ALU.AX' reason: Expecting value: line 1 column 1 (char 0)
ALU.AX: No timezone found, symbol may be delisted
Failed to get ticker 'ALV.AX' reason: Expecting value: line 1 column 1 (char 0)
ALV.AX: No timezone found, symbol may be delisted
Failed to get ticker 'ALY.AX' reason: Expecting value: line 1 column 1 (char 0)
ALY.AX: No timezone found, symbol may be delisted
Failed to get ticker 'AM7.AX' reason: Expecting value: line 1 column 1 (char 0)
AM7.AX: No timezone found, symbol may be delisted
Failed to get ticker 'AMA.AX' reason: Expecting value: line 1 column 1 (char 0)
AMA.AX: No timezone found, symbol may be delisted
Failed to get ticker 'AMD.AX' reason: Expecting value: line 1 column 1 (char 0)
AMD.AX: No timezone found, symbol may be delisted
Failed to get ticker 'AME.AX' reason: Expecting value: line 1 column 1 (char 0)
AME.AX: No timezone found, symbol may be delisted
Failed to get ticker 'AMH.AX' reason: Expecting value: line 1 column 1 (char 0)
AMH.AX: No timezone found, symbol may be delisted
Failed to get ticker 'AMI.AX' reason: Expecting value: line 1 column 1 (char 0)
AMI.AX: No timezone found, symbol may be delisted
Failed to get ticker 'AML.AX' reason: Expecting value: line 1 column 1 (char 0)
AML.AX: No timezone found, symbol may be delisted
Failed to get ticker 'AMM.AX' reason: Expecting value: line 1 column 1 (char 0)
AMM.AX: No timezone found, symbol may be delisted
Failed to get ticker 'AMN.AX' reason: Expecting value: line 1 column 1 (char 0)
AMN.AX: No timezone found, symbol may be delisted
Failed to get ticker 'AMO.AX' reason: Expecting value: line 1 column 1 (char 0)
AMO.AX: No timezone found, symbol may be delisted
Failed to get ticker 'AMS.AX' reason: Expecting value: line 1 column 1 (char 0)
AMS.AX: No timezone found, symbol may be delisted
Failed to get ticker 'AMT.AX' reason: Expecting value: line 1 column 1 (char 0)
AMT.AX: No timezone found, symbol may be delisted
Failed to get ticker 'AMX.AX' reason: Expecting value: line 1 column 1 (char 0)
AMX.AX: No timezone found, symbol may be delisted
Failed to get ticker 'AN1.AX' reason: Expecting value: line 1 column 1 (char 0)
AN1.AX: No timezone found, symbol may be delisted
Failed to get ticker 'AND.AX' reason: Expecting value: line 1 column 1 (char 0)
AND.AX: No timezone found, symbol may be delisted
Failed to get ticker 'ANG.AX' reason: Expecting value: line 1 column 1 (char 0)
ANG.AX: No timezone found, symbol may be delisted
Failed to get ticker 'ANL.AX' reason: Expecting value: line 1 column 1 (char 0)
ANL.AX: No timezone found, symbol may be delisted
Failed to get ticker 'ANO.AX' reason: Expecting value: line 1 column 1 (char 0)
ANO.AX: No timezone found, symbol may be delisted
Failed to get ticker 'ANR.AX' reason: Expecting value: line 1 column 1 (char 0)
ANR.AX: No timezone found, symbol may be delisted
Failed to get ticker 'ANX.AX' reason: Expecting value: line 1 column 1 (char 0)
ANX.AX: No timezone found, symbol may be delisted
